<?xml version="1.0" encoding="UTF-8"?>
<!-- Generated by org.testng.reporters.JUnitReportReporter -->
<testsuite hostname="1fc3920c4a0350d" failures="0" tests="3" name="com.ust.test.NewTest" time="0.013" errors="0" timestamp="2023-03-30T16:53:13 IST" skipped="0">
  <testcase classname="com.ust.test.NewTest" name="f" time="0.009"/>
  <system-out/>
  <testcase classname="com.ust.test.NewTest" name="g" time="0.001"/>
  <system-out/>
  <testcase classname="com.ust.test.NewTest" name="a" time="0.003"/>
  <system-out/>
</testsuite> <!-- com.ust.test.NewTest -->
