<?xml version="1.0" encoding="UTF-8"?>
<!-- Generated by org.testng.reporters.JUnitReportReporter -->
<testsuite hostname="1fc3920c4a0350d" failures="0" tests="3" name="com.ust.test.NewTest3" time="0.008" errors="0" timestamp="2023-03-30T16:53:13 IST" skipped="0">
  <testcase classname="com.ust.test.NewTest3" name="f" time="0.002"/>
  <system-out/>
  <testcase classname="com.ust.test.NewTest3" name="g" time="0.005"/>
  <system-out/>
  <testcase classname="com.ust.test.NewTest3" name="a" time="0.001"/>
  <system-out/>
</testsuite> <!-- com.ust.test.NewTest3 -->
